TN:
SF:src\modules\statements\entities\Statement.ts
FN:45,Statement
FN:26,Object.<anonymous>.typeorm_1.JoinColumn.name
FNF:2
FNH:0
FNDA:0,Statement
FNDA:0,Object.<anonymous>.typeorm_1.JoinColumn.name
DA:1,1
DA:2,1
DA:3,1
DA:4,1
DA:5,1
DA:6,1
DA:7,1
DA:8,1
DA:9,1
DA:10,1
DA:11,1
DA:12,1
DA:13,1
DA:14,1
DA:15,1
DA:16,1
DA:17,1
DA:18,1
DA:19,1
DA:20,1
DA:21,1
DA:22,1
DA:23,1
DA:24,1
DA:25,1
DA:26,1
DA:27,1
DA:28,1
DA:29,1
DA:30,1
DA:31,1
DA:32,1
DA:33,1
DA:34,1
DA:35,1
DA:36,1
DA:37,1
DA:38,1
DA:39,1
DA:40,1
DA:41,1
DA:42,1
DA:43,1
DA:44,1
DA:45,1
DA:46,0
DA:47,0
DA:48,0
DA:49,0
DA:50,1
LF:50
LH:46
BRDA:13,0,0,1
BRF:1
BRH:1
end_of_record
TN:
SF:src\modules\users\entities\User.ts
FN:35,User
FNF:1
FNH:0
FNDA:0,User
DA:1,1
DA:2,1
DA:3,1
DA:4,1
DA:5,1
DA:6,1
DA:7,1
DA:8,1
DA:9,1
DA:10,1
DA:11,1
DA:12,1
DA:13,1
DA:14,1
DA:15,1
DA:16,1
DA:17,1
DA:18,1
DA:19,1
DA:20,1
DA:21,1
DA:22,1
DA:23,1
DA:24,1
DA:25,1
DA:26,1
DA:27,1
DA:28,1
DA:29,1
DA:30,1
DA:31,1
DA:32,1
DA:33,1
DA:34,1
DA:35,1
DA:36,0
DA:37,0
DA:38,0
DA:39,0
DA:40,1
LF:40
LH:36
BRF:0
BRH:0
end_of_record
TN:
SF:src\modules\users\repositories\in-memory\InMemoryUsersRepository.ts
FN:6,InMemoryUsersRepository
FN:9,findByEmail
FN:13,findById
FN:17,create
FNF:4
FNH:1
FNDA:1,InMemoryUsersRepository
FNDA:0,findByEmail
FNDA:0,findById
FNDA:0,create
DA:1,1
DA:2,1
DA:3,1
DA:4,1
DA:5,1
DA:6,1
DA:7,1
DA:8,1
DA:9,1
DA:10,0
DA:11,0
DA:12,1
DA:13,1
DA:14,0
DA:15,0
DA:16,1
DA:17,1
DA:18,0
DA:19,0
DA:20,0
DA:21,0
DA:22,0
DA:23,1
LF:23
LH:14
BRDA:6,0,0,1
BRF:1
BRH:1
end_of_record
